  MarlinCore.cpp
C:\Users\MunhoRyu\source\repos\marlinfw_study\marlinfw-study (20230914-1637)\marlinfw-study\Marlin\Configuration.h(559,5): warning C5103: '(' 및 '_REPEAT' 붙여넣기로 유효한 전처리 토큰이 만들어지지 않습니다.
C:\Users\MunhoRyu\source\repos\marlinfw_study\marlinfw-study (20230914-1637)\marlinfw-study\Marlin\src\core\macros.h(767,1): message : 매크로 'HAS_E_TEMP_SENSOR'의 확장
C:\Users\MunhoRyu\source\repos\marlinfw_study\marlinfw-study (20230914-1637)\marlinfw-study\Marlin\src\core\macros.h(718,1): message : 매크로 'REPEAT'의 확장
C:\Users\MunhoRyu\source\repos\marlinfw_study\marlinfw-study (20230914-1637)\marlinfw-study\Marlin\src\core\macros.h(717,1): message : 매크로 'REPEAT_S'의 확장
C:\Users\MunhoRyu\source\repos\marlinfw_study\marlinfw-study (20230914-1637)\marlinfw-study\Marlin\src\core\macros.h(662,1): message : 매크로 'EVAL16'의 확장
C:\Users\MunhoRyu\source\repos\marlinfw_study\marlinfw-study (20230914-1637)\marlinfw-study\Marlin\Configuration.h(559,5): warning C5103: '(' 및 'EVAL8' 붙여넣기로 유효한 전처리 토큰이 만들어지지 않습니다.
C:\Users\MunhoRyu\source\repos\marlinfw_study\marlinfw-study (20230914-1637)\marlinfw-study\Marlin\src\core\macros.h(767,1): message : 매크로 'HAS_E_TEMP_SENSOR'의 확장
C:\Users\MunhoRyu\source\repos\marlinfw_study\marlinfw-study (20230914-1637)\marlinfw-study\Marlin\src\core\macros.h(718,1): message : 매크로 'REPEAT'의 확장
C:\Users\MunhoRyu\source\repos\marlinfw_study\marlinfw-study (20230914-1637)\marlinfw-study\Marlin\src\core\macros.h(717,1): message : 매크로 'REPEAT_S'의 확장
C:\Users\MunhoRyu\source\repos\marlinfw_study\marlinfw-study (20230914-1637)\marlinfw-study\Marlin\src\core\macros.h(662,1): message : 매크로 'EVAL16'의 확장
C:\Users\MunhoRyu\source\repos\marlinfw_study\marlinfw-study (20230914-1637)\marlinfw-study\Marlin\src\core\macros.h(663,1): message : 매크로 'EVAL8'의 확장
C:\Users\MunhoRyu\source\repos\marlinfw_study\marlinfw-study (20230914-1637)\marlinfw-study\Marlin\Configuration.h(559,5): warning C5103: '(' 및 'EVAL4' 붙여넣기로 유효한 전처리 토큰이 만들어지지 않습니다.
C:\Users\MunhoRyu\source\repos\marlinfw_study\marlinfw-study (20230914-1637)\marlinfw-study\Marlin\src\core\macros.h(767,1): message : 매크로 'HAS_E_TEMP_SENSOR'의 확장
C:\Users\MunhoRyu\source\repos\marlinfw_study\marlinfw-study (20230914-1637)\marlinfw-study\Marlin\src\core\macros.h(718,1): message : 매크로 'REPEAT'의 확장
C:\Users\MunhoRyu\source\repos\marlinfw_study\marlinfw-study (20230914-1637)\marlinfw-study\Marlin\src\core\macros.h(717,1): message : 매크로 'REPEAT_S'의 확장
C:\Users\MunhoRyu\source\repos\marlinfw_study\marlinfw-study (20230914-1637)\marlinfw-study\Marlin\src\core\macros.h(662,1): message : 매크로 'EVAL16'의 확장
C:\Users\MunhoRyu\source\repos\marlinfw_study\marlinfw-study (20230914-1637)\marlinfw-study\Marlin\src\core\macros.h(663,1): message : 매크로 'EVAL8'의 확장
C:\Users\MunhoRyu\source\repos\marlinfw_study\marlinfw-study (20230914-1637)\marlinfw-study\Marlin\src\core\macros.h(664,1): message : 매크로 'EVAL4'의 확장
C:\Users\MunhoRyu\source\repos\marlinfw_study\marlinfw-study (20230914-1637)\marlinfw-study\Marlin\Configuration.h(559,5): warning C5103: '(' 및 'EVAL2' 붙여넣기로 유효한 전처리 토큰이 만들어지지 않습니다.
C:\Users\MunhoRyu\source\repos\marlinfw_study\marlinfw-study (20230914-1637)\marlinfw-study\Marlin\src\core\macros.h(767,1): message : 매크로 'HAS_E_TEMP_SENSOR'의 확장
C:\Users\MunhoRyu\source\repos\marlinfw_study\marlinfw-study (20230914-1637)\marlinfw-study\Marlin\src\core\macros.h(718,1): message : 매크로 'REPEAT'의 확장
C:\Users\MunhoRyu\source\repos\marlinfw_study\marlinfw-study (20230914-1637)\marlinfw-study\Marlin\src\core\macros.h(717,1): message : 매크로 'REPEAT_S'의 확장
C:\Users\MunhoRyu\source\repos\marlinfw_study\marlinfw-study (20230914-1637)\marlinfw-study\Marlin\src\core\macros.h(662,1): message : 매크로 'EVAL16'의 확장
C:\Users\MunhoRyu\source\repos\marlinfw_study\marlinfw-study (20230914-1637)\marlinfw-study\Marlin\src\core\macros.h(663,1): message : 매크로 'EVAL8'의 확장
C:\Users\MunhoRyu\source\repos\marlinfw_study\marlinfw-study (20230914-1637)\marlinfw-study\Marlin\src\core\macros.h(664,1): message : 매크로 'EVAL4'의 확장
C:\Users\MunhoRyu\source\repos\marlinfw_study\marlinfw-study (20230914-1637)\marlinfw-study\Marlin\src\core\macros.h(665,1): message : 매크로 'EVAL2'의 확장
C:\Users\MunhoRyu\source\repos\marlinfw_study\marlinfw-study (20230914-1637)\marlinfw-study\Marlin\Configuration.h(559,5): warning C5103: '(' 및 '_CAT' 붙여넣기로 유효한 전처리 토큰이 만들어지지 않습니다.
C:\Users\MunhoRyu\source\repos\marlinfw_study\marlinfw-study (20230914-1637)\marlinfw-study\Marlin\src\core\macros.h(673,1): message : 매크로 'NOT'의 확장
C:\Users\MunhoRyu\source\repos\marlinfw_study\marlinfw-study (20230914-1637)\marlinfw-study\Marlin\src\core\macros.h(670,1): message : 매크로 'IS_PROBE'의 확장
C:\Users\MunhoRyu\source\repos\marlinfw_study\marlinfw-study (20230914-1637)\marlinfw-study\Marlin\src\core\macros.h(674,1): message : 매크로 '_BOOL'의 확장
C:\Users\MunhoRyu\source\repos\marlinfw_study\marlinfw-study (20230914-1637)\marlinfw-study\Marlin\src\core\macros.h(673,1): message : 매크로 'NOT'의 확장
C:\Users\MunhoRyu\source\repos\marlinfw_study\marlinfw-study (20230914-1637)\marlinfw-study\Marlin\src\core\macros.h(702,1): message : 매크로 '_REPEAT'의 확장
C:\Users\MunhoRyu\source\repos\marlinfw_study\marlinfw-study (20230914-1637)\marlinfw-study\Marlin\src\core\macros.h(676,1): message : 매크로 'IF_ELSE'의 확장
C:\Users\MunhoRyu\source\repos\marlinfw_study\marlinfw-study (20230914-1637)\marlinfw-study\Marlin\src\core\macros.h(677,1): message : 매크로 '_IF_ELSE'의 확장
C:\Users\MunhoRyu\source\repos\marlinfw_study\marlinfw-study (20230914-1637)\marlinfw-study\Marlin\src\core\macros.h(666,1): message : 매크로 'EVAL1'의 확장
C:\Users\MunhoRyu\source\repos\marlinfw_study\marlinfw-study (20230914-1637)\marlinfw-study\Marlin\src\core\macros.h(767,1): message : 매크로 'HAS_E_TEMP_SENSOR'의 확장
C:\Users\MunhoRyu\source\repos\marlinfw_study\marlinfw-study (20230914-1637)\marlinfw-study\Marlin\src\core\macros.h(718,1): message : 매크로 'REPEAT'의 확장
C:\Users\MunhoRyu\source\repos\marlinfw_study\marlinfw-study (20230914-1637)\marlinfw-study\Marlin\src\core\macros.h(717,1): message : 매크로 'REPEAT_S'의 확장
C:\Users\MunhoRyu\source\repos\marlinfw_study\marlinfw-study (20230914-1637)\marlinfw-study\Marlin\src\core\macros.h(662,1): message : 매크로 'EVAL16'의 확장
C:\Users\MunhoRyu\source\repos\marlinfw_study\marlinfw-study (20230914-1637)\marlinfw-study\Marlin\src\core\macros.h(663,1): message : 매크로 'EVAL8'의 확장
C:\Users\MunhoRyu\source\repos\marlinfw_study\marlinfw-study (20230914-1637)\marlinfw-study\Marlin\src\core\macros.h(664,1): message : 매크로 'EVAL4'의 확장
C:\Users\MunhoRyu\source\repos\marlinfw_study\marlinfw-study (20230914-1637)\marlinfw-study\Marlin\src\core\macros.h(665,1): message : 매크로 'EVAL2'의 확장
C:\Users\MunhoRyu\source\repos\marlinfw_study\marlinfw-study (20230914-1637)\marlinfw-study\Marlin\src\core\macros.h(666,1): message : 매크로 'EVAL1'의 확장
C:\Users\MunhoRyu\source\repos\marlinfw_study\marlinfw-study (20230914-1637)\marlinfw-study\Marlin\Configuration.h(559,5): fatal  error C1012: 괄호가 짝이 맞지 않습니다. ')'이(가) 없습니다.
